{"/Users/dynkinamaria/projects/frontend-project-46/src/index.js": {"path":"/Users/dynkinamaria/projects/frontend-project-46/src/index.js","all":false,"statementMap":{"0":{"start":{"line":1,"column":0},"end":{"line":1,"column":40}},"1":{"start":{"line":2,"column":0},"end":{"line":2,"column":34}},"2":{"start":{"line":3,"column":0},"end":{"line":3,"column":23}},"3":{"start":{"line":4,"column":0},"end":{"line":4,"column":33}},"4":{"start":{"line":5,"column":0},"end":{"line":5,"column":45}},"5":{"start":{"line":6,"column":0},"end":{"line":6,"column":0}},"6":{"start":{"line":7,"column":0},"end":{"line":7,"column":59}},"7":{"start":{"line":8,"column":0},"end":{"line":8,"column":0}},"8":{"start":{"line":9,"column":0},"end":{"line":9,"column":70}},"9":{"start":{"line":10,"column":0},"end":{"line":10,"column":0}},"10":{"start":{"line":11,"column":0},"end":{"line":11,"column":79}},"11":{"start":{"line":12,"column":0},"end":{"line":12,"column":0}},"12":{"start":{"line":13,"column":0},"end":{"line":13,"column":46}},"13":{"start":{"line":14,"column":0},"end":{"line":14,"column":35}},"14":{"start":{"line":15,"column":0},"end":{"line":15,"column":35}},"15":{"start":{"line":16,"column":0},"end":{"line":16,"column":0}},"16":{"start":{"line":17,"column":0},"end":{"line":17,"column":47}},"17":{"start":{"line":18,"column":0},"end":{"line":18,"column":0}},"18":{"start":{"line":19,"column":0},"end":{"line":19,"column":36}},"19":{"start":{"line":20,"column":0},"end":{"line":20,"column":30}},"20":{"start":{"line":21,"column":0},"end":{"line":21,"column":30}},"21":{"start":{"line":22,"column":0},"end":{"line":22,"column":36}},"22":{"start":{"line":23,"column":0},"end":{"line":23,"column":14}},"23":{"start":{"line":24,"column":0},"end":{"line":24,"column":26}},"24":{"start":{"line":25,"column":0},"end":{"line":25,"column":12}},"25":{"start":{"line":26,"column":0},"end":{"line":26,"column":22}},"26":{"start":{"line":27,"column":0},"end":{"line":27,"column":8}},"27":{"start":{"line":28,"column":0},"end":{"line":28,"column":5}},"28":{"start":{"line":29,"column":0},"end":{"line":29,"column":48}},"29":{"start":{"line":30,"column":0},"end":{"line":30,"column":14}},"30":{"start":{"line":31,"column":0},"end":{"line":31,"column":24}},"31":{"start":{"line":32,"column":0},"end":{"line":32,"column":12}},"32":{"start":{"line":33,"column":0},"end":{"line":33,"column":15}},"33":{"start":{"line":34,"column":0},"end":{"line":34,"column":15}},"34":{"start":{"line":35,"column":0},"end":{"line":35,"column":8}},"35":{"start":{"line":36,"column":0},"end":{"line":36,"column":5}},"36":{"start":{"line":37,"column":0},"end":{"line":37,"column":37}},"37":{"start":{"line":38,"column":0},"end":{"line":38,"column":14}},"38":{"start":{"line":39,"column":0},"end":{"line":39,"column":24}},"39":{"start":{"line":40,"column":0},"end":{"line":40,"column":12}},"40":{"start":{"line":41,"column":0},"end":{"line":41,"column":22}},"41":{"start":{"line":42,"column":0},"end":{"line":42,"column":8}},"42":{"start":{"line":43,"column":0},"end":{"line":43,"column":5}},"43":{"start":{"line":44,"column":0},"end":{"line":44,"column":37}},"44":{"start":{"line":45,"column":0},"end":{"line":45,"column":14}},"45":{"start":{"line":46,"column":0},"end":{"line":46,"column":22}},"46":{"start":{"line":47,"column":0},"end":{"line":47,"column":12}},"47":{"start":{"line":48,"column":0},"end":{"line":48,"column":22}},"48":{"start":{"line":49,"column":0},"end":{"line":49,"column":8}},"49":{"start":{"line":50,"column":0},"end":{"line":50,"column":5}},"50":{"start":{"line":51,"column":0},"end":{"line":51,"column":12}},"51":{"start":{"line":52,"column":0},"end":{"line":52,"column":24}},"52":{"start":{"line":53,"column":0},"end":{"line":53,"column":10}},"53":{"start":{"line":54,"column":0},"end":{"line":54,"column":20}},"54":{"start":{"line":55,"column":0},"end":{"line":55,"column":6}},"55":{"start":{"line":56,"column":0},"end":{"line":56,"column":5}},"56":{"start":{"line":57,"column":0},"end":{"line":57,"column":16}},"57":{"start":{"line":58,"column":0},"end":{"line":58,"column":2}},"58":{"start":{"line":59,"column":0},"end":{"line":59,"column":0}},"59":{"start":{"line":60,"column":0},"end":{"line":60,"column":43}},"60":{"start":{"line":61,"column":0},"end":{"line":61,"column":40}},"61":{"start":{"line":62,"column":0},"end":{"line":62,"column":40}},"62":{"start":{"line":63,"column":0},"end":{"line":63,"column":0}},"63":{"start":{"line":64,"column":0},"end":{"line":64,"column":45}},"64":{"start":{"line":65,"column":0},"end":{"line":65,"column":45}},"65":{"start":{"line":66,"column":0},"end":{"line":66,"column":45}},"66":{"start":{"line":67,"column":0},"end":{"line":67,"column":4}},"67":{"start":{"line":68,"column":0},"end":{"line":68,"column":34}},"68":{"start":{"line":69,"column":0},"end":{"line":69,"column":48}},"69":{"start":{"line":70,"column":0},"end":{"line":70,"column":31}},"70":{"start":{"line":71,"column":0},"end":{"line":71,"column":23}},"71":{"start":{"line":72,"column":0},"end":{"line":72,"column":21}},"72":{"start":{"line":73,"column":0},"end":{"line":73,"column":48}},"73":{"start":{"line":74,"column":0},"end":{"line":74,"column":23}},"74":{"start":{"line":75,"column":0},"end":{"line":75,"column":48}},"75":{"start":{"line":76,"column":0},"end":{"line":76,"column":21}},"76":{"start":{"line":77,"column":0},"end":{"line":77,"column":83}},"77":{"start":{"line":78,"column":0},"end":{"line":78,"column":19}},"78":{"start":{"line":79,"column":0},"end":{"line":79,"column":48}},"79":{"start":{"line":80,"column":0},"end":{"line":80,"column":14}},"80":{"start":{"line":81,"column":0},"end":{"line":81,"column":20}},"81":{"start":{"line":82,"column":0},"end":{"line":82,"column":5}},"82":{"start":{"line":83,"column":0},"end":{"line":83,"column":5}},"83":{"start":{"line":84,"column":0},"end":{"line":84,"column":47}},"84":{"start":{"line":85,"column":0},"end":{"line":85,"column":38}},"85":{"start":{"line":86,"column":0},"end":{"line":86,"column":2}},"86":{"start":{"line":87,"column":0},"end":{"line":87,"column":23}}},"s":{"0":1,"1":1,"2":1,"3":1,"4":1,"5":1,"6":1,"7":1,"8":1,"9":1,"10":1,"11":1,"12":1,"13":2,"14":2,"15":2,"16":2,"17":2,"18":2,"19":10,"20":10,"21":10,"22":2,"23":2,"24":2,"25":2,"26":2,"27":2,"28":10,"29":2,"30":2,"31":2,"32":2,"33":2,"34":2,"35":2,"36":10,"37":4,"38":4,"39":4,"40":4,"41":4,"42":4,"43":2,"44":2,"45":2,"46":2,"47":2,"48":2,"49":2,"50":0,"51":0,"52":0,"53":0,"54":0,"55":2,"56":2,"57":2,"58":1,"59":1,"60":2,"61":2,"62":2,"63":2,"64":2,"65":2,"66":2,"67":2,"68":2,"69":10,"70":10,"71":10,"72":4,"73":10,"74":2,"75":10,"76":2,"77":10,"78":2,"79":10,"80":0,"81":10,"82":2,"83":2,"84":2,"85":2,"86":1},"branchMap":{"0":{"type":"branch","line":7,"loc":{"start":{"line":7,"column":19},"end":{"line":7,"column":58}},"locations":[{"start":{"line":7,"column":19},"end":{"line":7,"column":58}}]},"1":{"type":"branch","line":9,"loc":{"start":{"line":9,"column":24},"end":{"line":9,"column":69}},"locations":[{"start":{"line":9,"column":24},"end":{"line":9,"column":69}}]},"2":{"type":"branch","line":11,"loc":{"start":{"line":11,"column":18},"end":{"line":11,"column":78}},"locations":[{"start":{"line":11,"column":18},"end":{"line":11,"column":78}}]},"3":{"type":"branch","line":13,"loc":{"start":{"line":13,"column":27},"end":{"line":58,"column":2}},"locations":[{"start":{"line":13,"column":27},"end":{"line":58,"column":2}}]},"4":{"type":"branch","line":19,"loc":{"start":{"line":19,"column":27},"end":{"line":56,"column":3}},"locations":[{"start":{"line":19,"column":27},"end":{"line":56,"column":3}}]},"5":{"type":"branch","line":22,"loc":{"start":{"line":22,"column":35},"end":{"line":28,"column":5}},"locations":[{"start":{"line":22,"column":35},"end":{"line":28,"column":5}}]},"6":{"type":"branch","line":28,"loc":{"start":{"line":28,"column":4},"end":{"line":29,"column":18}},"locations":[{"start":{"line":28,"column":4},"end":{"line":29,"column":18}}]},"7":{"type":"branch","line":29,"loc":{"start":{"line":29,"column":14},"end":{"line":29,"column":24}},"locations":[{"start":{"line":29,"column":14},"end":{"line":29,"column":24}}]},"8":{"type":"branch","line":29,"loc":{"start":{"line":29,"column":24},"end":{"line":29,"column":45}},"locations":[{"start":{"line":29,"column":24},"end":{"line":29,"column":45}}]},"9":{"type":"branch","line":29,"loc":{"start":{"line":29,"column":47},"end":{"line":36,"column":5}},"locations":[{"start":{"line":29,"column":47},"end":{"line":36,"column":5}}]},"10":{"type":"branch","line":36,"loc":{"start":{"line":36,"column":4},"end":{"line":37,"column":36}},"locations":[{"start":{"line":36,"column":4},"end":{"line":37,"column":36}}]},"11":{"type":"branch","line":37,"loc":{"start":{"line":37,"column":36},"end":{"line":43,"column":5}},"locations":[{"start":{"line":37,"column":36},"end":{"line":43,"column":5}}]},"12":{"type":"branch","line":43,"loc":{"start":{"line":43,"column":4},"end":{"line":50,"column":5}},"locations":[{"start":{"line":43,"column":4},"end":{"line":50,"column":5}}]},"13":{"type":"branch","line":50,"loc":{"start":{"line":50,"column":4},"end":{"line":56,"column":3}},"locations":[{"start":{"line":50,"column":4},"end":{"line":56,"column":3}}]},"14":{"type":"branch","line":60,"loc":{"start":{"line":60,"column":16},"end":{"line":86,"column":2}},"locations":[{"start":{"line":60,"column":16},"end":{"line":86,"column":2}}]},"15":{"type":"branch","line":69,"loc":{"start":{"line":69,"column":38},"end":{"line":83,"column":3}},"locations":[{"start":{"line":69,"column":38},"end":{"line":83,"column":3}}]},"16":{"type":"branch","line":72,"loc":{"start":{"line":72,"column":6},"end":{"line":73,"column":48}},"locations":[{"start":{"line":72,"column":6},"end":{"line":73,"column":48}}]},"17":{"type":"branch","line":74,"loc":{"start":{"line":74,"column":6},"end":{"line":75,"column":48}},"locations":[{"start":{"line":74,"column":6},"end":{"line":75,"column":48}}]},"18":{"type":"branch","line":76,"loc":{"start":{"line":76,"column":6},"end":{"line":77,"column":83}},"locations":[{"start":{"line":76,"column":6},"end":{"line":77,"column":83}}]},"19":{"type":"branch","line":78,"loc":{"start":{"line":78,"column":6},"end":{"line":79,"column":48}},"locations":[{"start":{"line":78,"column":6},"end":{"line":79,"column":48}}]},"20":{"type":"branch","line":80,"loc":{"start":{"line":80,"column":6},"end":{"line":81,"column":20}},"locations":[{"start":{"line":80,"column":6},"end":{"line":81,"column":20}}]}},"b":{"0":[4],"1":[4],"2":[4],"3":[2],"4":[10],"5":[2],"6":[8],"7":[4],"8":[2],"9":[2],"10":[6],"11":[4],"12":[2],"13":[0],"14":[2],"15":[10],"16":[4],"17":[2],"18":[2],"19":[2],"20":[0]},"fnMap":{"0":{"name":"getFormat","decl":{"start":{"line":7,"column":19},"end":{"line":7,"column":58}},"loc":{"start":{"line":7,"column":19},"end":{"line":7,"column":58}},"line":7},"1":{"name":"getFixturePath","decl":{"start":{"line":9,"column":24},"end":{"line":9,"column":69}},"loc":{"start":{"line":9,"column":24},"end":{"line":9,"column":69}},"line":9},"2":{"name":"readFile","decl":{"start":{"line":11,"column":18},"end":{"line":11,"column":78}},"loc":{"start":{"line":11,"column":18},"end":{"line":11,"column":78}},"line":11},"3":{"name":"getDiffInformation","decl":{"start":{"line":13,"column":27},"end":{"line":58,"column":2}},"loc":{"start":{"line":13,"column":27},"end":{"line":58,"column":2}},"line":13},"4":{"name":"genDiff","decl":{"start":{"line":60,"column":16},"end":{"line":86,"column":2}},"loc":{"start":{"line":60,"column":16},"end":{"line":86,"column":2}},"line":60}},"f":{"0":4,"1":4,"2":4,"3":2,"4":2}}
,"/Users/dynkinamaria/projects/frontend-project-46/src/parse.js": {"path":"/Users/dynkinamaria/projects/frontend-project-46/src/parse.js","all":false,"statementMap":{"0":{"start":{"line":1,"column":0},"end":{"line":1,"column":31}},"1":{"start":{"line":2,"column":0},"end":{"line":2,"column":0}},"2":{"start":{"line":3,"column":0},"end":{"line":3,"column":42}},"3":{"start":{"line":4,"column":0},"end":{"line":4,"column":23}},"4":{"start":{"line":5,"column":0},"end":{"line":5,"column":16}},"5":{"start":{"line":6,"column":0},"end":{"line":6,"column":33}},"6":{"start":{"line":7,"column":0},"end":{"line":7,"column":15}},"7":{"start":{"line":8,"column":0},"end":{"line":8,"column":16}},"8":{"start":{"line":9,"column":0},"end":{"line":9,"column":27}},"9":{"start":{"line":10,"column":0},"end":{"line":10,"column":12}},"10":{"start":{"line":11,"column":0},"end":{"line":11,"column":69}},"11":{"start":{"line":12,"column":0},"end":{"line":12,"column":3}},"12":{"start":{"line":13,"column":0},"end":{"line":13,"column":2}},"13":{"start":{"line":14,"column":0},"end":{"line":14,"column":0}},"14":{"start":{"line":15,"column":0},"end":{"line":15,"column":23}}},"s":{"0":1,"1":1,"2":1,"3":4,"4":4,"5":2,"6":4,"7":4,"8":2,"9":4,"10":0,"11":4,"12":4,"13":1,"14":1},"branchMap":{"0":{"type":"branch","line":3,"loc":{"start":{"line":3,"column":16},"end":{"line":13,"column":2}},"locations":[{"start":{"line":3,"column":16},"end":{"line":13,"column":2}}]},"1":{"type":"branch","line":5,"loc":{"start":{"line":5,"column":4},"end":{"line":6,"column":33}},"locations":[{"start":{"line":5,"column":4},"end":{"line":6,"column":33}}]},"2":{"type":"branch","line":7,"loc":{"start":{"line":7,"column":4},"end":{"line":7,"column":15}},"locations":[{"start":{"line":7,"column":4},"end":{"line":7,"column":15}}]},"3":{"type":"branch","line":8,"loc":{"start":{"line":8,"column":4},"end":{"line":9,"column":27}},"locations":[{"start":{"line":8,"column":4},"end":{"line":9,"column":27}}]},"4":{"type":"branch","line":10,"loc":{"start":{"line":10,"column":4},"end":{"line":11,"column":69}},"locations":[{"start":{"line":10,"column":4},"end":{"line":11,"column":69}}]}},"b":{"0":[4],"1":[2],"2":[2],"3":[2],"4":[0]},"fnMap":{"0":{"name":"parsers","decl":{"start":{"line":3,"column":16},"end":{"line":13,"column":2}},"loc":{"start":{"line":3,"column":16},"end":{"line":13,"column":2}},"line":3}},"f":{"0":4}}
}
