{"/Users/dynkinamaria/projects/frontend-project-46/src/index.js": {"path":"/Users/dynkinamaria/projects/frontend-project-46/src/index.js","all":false,"statementMap":{"0":{"start":{"line":1,"column":0},"end":{"line":1,"column":40}},"1":{"start":{"line":2,"column":0},"end":{"line":2,"column":34}},"2":{"start":{"line":3,"column":0},"end":{"line":3,"column":23}},"3":{"start":{"line":4,"column":0},"end":{"line":4,"column":0}},"4":{"start":{"line":5,"column":0},"end":{"line":5,"column":70}},"5":{"start":{"line":6,"column":0},"end":{"line":6,"column":0}},"6":{"start":{"line":7,"column":0},"end":{"line":7,"column":79}},"7":{"start":{"line":8,"column":0},"end":{"line":8,"column":0}},"8":{"start":{"line":9,"column":0},"end":{"line":9,"column":46}},"9":{"start":{"line":10,"column":0},"end":{"line":10,"column":0}},"10":{"start":{"line":11,"column":0},"end":{"line":11,"column":46}},"11":{"start":{"line":12,"column":0},"end":{"line":12,"column":35}},"12":{"start":{"line":13,"column":0},"end":{"line":13,"column":35}},"13":{"start":{"line":14,"column":0},"end":{"line":14,"column":0}},"14":{"start":{"line":15,"column":0},"end":{"line":15,"column":47}},"15":{"start":{"line":16,"column":0},"end":{"line":16,"column":77}},"16":{"start":{"line":17,"column":0},"end":{"line":17,"column":0}},"17":{"start":{"line":18,"column":0},"end":{"line":18,"column":36}},"18":{"start":{"line":19,"column":0},"end":{"line":19,"column":30}},"19":{"start":{"line":20,"column":0},"end":{"line":20,"column":30}},"20":{"start":{"line":21,"column":0},"end":{"line":21,"column":36}},"21":{"start":{"line":22,"column":0},"end":{"line":22,"column":14}},"22":{"start":{"line":23,"column":0},"end":{"line":23,"column":26}},"23":{"start":{"line":24,"column":0},"end":{"line":24,"column":12}},"24":{"start":{"line":25,"column":0},"end":{"line":25,"column":22}},"25":{"start":{"line":26,"column":0},"end":{"line":26,"column":8}},"26":{"start":{"line":27,"column":0},"end":{"line":27,"column":5}},"27":{"start":{"line":28,"column":0},"end":{"line":28,"column":48}},"28":{"start":{"line":29,"column":0},"end":{"line":29,"column":14}},"29":{"start":{"line":30,"column":0},"end":{"line":30,"column":24}},"30":{"start":{"line":31,"column":0},"end":{"line":31,"column":12}},"31":{"start":{"line":32,"column":0},"end":{"line":32,"column":15}},"32":{"start":{"line":33,"column":0},"end":{"line":33,"column":15}},"33":{"start":{"line":34,"column":0},"end":{"line":34,"column":8}},"34":{"start":{"line":35,"column":0},"end":{"line":35,"column":5}},"35":{"start":{"line":36,"column":0},"end":{"line":36,"column":37}},"36":{"start":{"line":37,"column":0},"end":{"line":37,"column":14}},"37":{"start":{"line":38,"column":0},"end":{"line":38,"column":24}},"38":{"start":{"line":39,"column":0},"end":{"line":39,"column":12}},"39":{"start":{"line":40,"column":0},"end":{"line":40,"column":22}},"40":{"start":{"line":41,"column":0},"end":{"line":41,"column":8}},"41":{"start":{"line":42,"column":0},"end":{"line":42,"column":5}},"42":{"start":{"line":43,"column":0},"end":{"line":43,"column":37}},"43":{"start":{"line":44,"column":0},"end":{"line":44,"column":14}},"44":{"start":{"line":45,"column":0},"end":{"line":45,"column":22}},"45":{"start":{"line":46,"column":0},"end":{"line":46,"column":12}},"46":{"start":{"line":47,"column":0},"end":{"line":47,"column":22}},"47":{"start":{"line":48,"column":0},"end":{"line":48,"column":8}},"48":{"start":{"line":49,"column":0},"end":{"line":49,"column":5}},"49":{"start":{"line":50,"column":0},"end":{"line":50,"column":12}},"50":{"start":{"line":51,"column":0},"end":{"line":51,"column":24}},"51":{"start":{"line":52,"column":0},"end":{"line":52,"column":10}},"52":{"start":{"line":53,"column":0},"end":{"line":53,"column":20}},"53":{"start":{"line":54,"column":0},"end":{"line":54,"column":6}},"54":{"start":{"line":55,"column":0},"end":{"line":55,"column":5}},"55":{"start":{"line":56,"column":0},"end":{"line":56,"column":16}},"56":{"start":{"line":57,"column":0},"end":{"line":57,"column":2}},"57":{"start":{"line":58,"column":0},"end":{"line":58,"column":0}},"58":{"start":{"line":59,"column":0},"end":{"line":59,"column":43}},"59":{"start":{"line":60,"column":0},"end":{"line":60,"column":36}},"60":{"start":{"line":61,"column":0},"end":{"line":61,"column":36}},"61":{"start":{"line":62,"column":0},"end":{"line":62,"column":0}},"62":{"start":{"line":63,"column":0},"end":{"line":63,"column":83}},"63":{"start":{"line":64,"column":0},"end":{"line":64,"column":34}},"64":{"start":{"line":65,"column":0},"end":{"line":65,"column":48}},"65":{"start":{"line":66,"column":0},"end":{"line":66,"column":31}},"66":{"start":{"line":67,"column":0},"end":{"line":67,"column":23}},"67":{"start":{"line":68,"column":0},"end":{"line":68,"column":21}},"68":{"start":{"line":69,"column":0},"end":{"line":69,"column":48}},"69":{"start":{"line":70,"column":0},"end":{"line":70,"column":23}},"70":{"start":{"line":71,"column":0},"end":{"line":71,"column":48}},"71":{"start":{"line":72,"column":0},"end":{"line":72,"column":21}},"72":{"start":{"line":73,"column":0},"end":{"line":73,"column":83}},"73":{"start":{"line":74,"column":0},"end":{"line":74,"column":19}},"74":{"start":{"line":75,"column":0},"end":{"line":75,"column":48}},"75":{"start":{"line":76,"column":0},"end":{"line":76,"column":14}},"76":{"start":{"line":77,"column":0},"end":{"line":77,"column":20}},"77":{"start":{"line":78,"column":0},"end":{"line":78,"column":5}},"78":{"start":{"line":79,"column":0},"end":{"line":79,"column":5}},"79":{"start":{"line":80,"column":0},"end":{"line":80,"column":47}},"80":{"start":{"line":81,"column":0},"end":{"line":81,"column":38}},"81":{"start":{"line":82,"column":0},"end":{"line":82,"column":2}},"82":{"start":{"line":83,"column":0},"end":{"line":83,"column":23}}},"s":{"0":1,"1":1,"2":1,"3":1,"4":1,"5":1,"6":1,"7":1,"8":1,"9":1,"10":1,"11":1,"12":1,"13":1,"14":1,"15":1,"16":1,"17":1,"18":5,"19":5,"20":5,"21":1,"22":1,"23":1,"24":1,"25":1,"26":1,"27":5,"28":1,"29":1,"30":1,"31":1,"32":1,"33":1,"34":1,"35":5,"36":2,"37":2,"38":2,"39":2,"40":2,"41":2,"42":1,"43":1,"44":1,"45":1,"46":1,"47":1,"48":1,"49":0,"50":0,"51":0,"52":0,"53":0,"54":1,"55":1,"56":1,"57":1,"58":1,"59":1,"60":1,"61":1,"62":1,"63":1,"64":1,"65":5,"66":5,"67":5,"68":2,"69":5,"70":1,"71":5,"72":1,"73":5,"74":1,"75":5,"76":0,"77":5,"78":1,"79":1,"80":1,"81":1,"82":1},"branchMap":{"0":{"type":"branch","line":5,"loc":{"start":{"line":5,"column":24},"end":{"line":5,"column":69}},"locations":[{"start":{"line":5,"column":24},"end":{"line":5,"column":69}}]},"1":{"type":"branch","line":7,"loc":{"start":{"line":7,"column":18},"end":{"line":7,"column":78}},"locations":[{"start":{"line":7,"column":18},"end":{"line":7,"column":78}}]},"2":{"type":"branch","line":9,"loc":{"start":{"line":9,"column":20},"end":{"line":9,"column":45}},"locations":[{"start":{"line":9,"column":20},"end":{"line":9,"column":45}}]},"3":{"type":"branch","line":11,"loc":{"start":{"line":11,"column":27},"end":{"line":57,"column":2}},"locations":[{"start":{"line":11,"column":27},"end":{"line":57,"column":2}}]},"4":{"type":"branch","line":18,"loc":{"start":{"line":18,"column":27},"end":{"line":55,"column":3}},"locations":[{"start":{"line":18,"column":27},"end":{"line":55,"column":3}}]},"5":{"type":"branch","line":21,"loc":{"start":{"line":21,"column":35},"end":{"line":27,"column":5}},"locations":[{"start":{"line":21,"column":35},"end":{"line":27,"column":5}}]},"6":{"type":"branch","line":27,"loc":{"start":{"line":27,"column":4},"end":{"line":28,"column":18}},"locations":[{"start":{"line":27,"column":4},"end":{"line":28,"column":18}}]},"7":{"type":"branch","line":28,"loc":{"start":{"line":28,"column":14},"end":{"line":28,"column":24}},"locations":[{"start":{"line":28,"column":14},"end":{"line":28,"column":24}}]},"8":{"type":"branch","line":28,"loc":{"start":{"line":28,"column":24},"end":{"line":28,"column":45}},"locations":[{"start":{"line":28,"column":24},"end":{"line":28,"column":45}}]},"9":{"type":"branch","line":28,"loc":{"start":{"line":28,"column":47},"end":{"line":35,"column":5}},"locations":[{"start":{"line":28,"column":47},"end":{"line":35,"column":5}}]},"10":{"type":"branch","line":35,"loc":{"start":{"line":35,"column":4},"end":{"line":36,"column":36}},"locations":[{"start":{"line":35,"column":4},"end":{"line":36,"column":36}}]},"11":{"type":"branch","line":36,"loc":{"start":{"line":36,"column":36},"end":{"line":42,"column":5}},"locations":[{"start":{"line":36,"column":36},"end":{"line":42,"column":5}}]},"12":{"type":"branch","line":42,"loc":{"start":{"line":42,"column":4},"end":{"line":49,"column":5}},"locations":[{"start":{"line":42,"column":4},"end":{"line":49,"column":5}}]},"13":{"type":"branch","line":49,"loc":{"start":{"line":49,"column":4},"end":{"line":55,"column":3}},"locations":[{"start":{"line":49,"column":4},"end":{"line":55,"column":3}}]},"14":{"type":"branch","line":59,"loc":{"start":{"line":59,"column":16},"end":{"line":82,"column":2}},"locations":[{"start":{"line":59,"column":16},"end":{"line":82,"column":2}}]},"15":{"type":"branch","line":65,"loc":{"start":{"line":65,"column":38},"end":{"line":79,"column":3}},"locations":[{"start":{"line":65,"column":38},"end":{"line":79,"column":3}}]},"16":{"type":"branch","line":68,"loc":{"start":{"line":68,"column":6},"end":{"line":69,"column":48}},"locations":[{"start":{"line":68,"column":6},"end":{"line":69,"column":48}}]},"17":{"type":"branch","line":70,"loc":{"start":{"line":70,"column":6},"end":{"line":71,"column":48}},"locations":[{"start":{"line":70,"column":6},"end":{"line":71,"column":48}}]},"18":{"type":"branch","line":72,"loc":{"start":{"line":72,"column":6},"end":{"line":73,"column":83}},"locations":[{"start":{"line":72,"column":6},"end":{"line":73,"column":83}}]},"19":{"type":"branch","line":74,"loc":{"start":{"line":74,"column":6},"end":{"line":75,"column":48}},"locations":[{"start":{"line":74,"column":6},"end":{"line":75,"column":48}}]},"20":{"type":"branch","line":76,"loc":{"start":{"line":76,"column":6},"end":{"line":77,"column":20}},"locations":[{"start":{"line":76,"column":6},"end":{"line":77,"column":20}}]}},"b":{"0":[2],"1":[2],"2":[2],"3":[1],"4":[5],"5":[1],"6":[4],"7":[2],"8":[1],"9":[1],"10":[3],"11":[2],"12":[1],"13":[0],"14":[1],"15":[5],"16":[2],"17":[1],"18":[1],"19":[1],"20":[0]},"fnMap":{"0":{"name":"getFixturePath","decl":{"start":{"line":5,"column":24},"end":{"line":5,"column":69}},"loc":{"start":{"line":5,"column":24},"end":{"line":5,"column":69}},"line":5},"1":{"name":"readFile","decl":{"start":{"line":7,"column":18},"end":{"line":7,"column":78}},"loc":{"start":{"line":7,"column":18},"end":{"line":7,"column":78}},"line":7},"2":{"name":"parsesFile","decl":{"start":{"line":9,"column":20},"end":{"line":9,"column":45}},"loc":{"start":{"line":9,"column":20},"end":{"line":9,"column":45}},"line":9},"3":{"name":"getDiffInformation","decl":{"start":{"line":11,"column":27},"end":{"line":57,"column":2}},"loc":{"start":{"line":11,"column":27},"end":{"line":57,"column":2}},"line":11},"4":{"name":"genDiff","decl":{"start":{"line":59,"column":16},"end":{"line":82,"column":2}},"loc":{"start":{"line":59,"column":16},"end":{"line":82,"column":2}},"line":59}},"f":{"0":2,"1":2,"2":2,"3":1,"4":1}}
}
