TN:
SF:src/index.js
FN:7,getFormat
FN:9,getFixturePath
FN:11,readFile
FN:13,getDiffInformation
FN:60,genDiff
FNF:5
FNH:5
FNDA:4,getFormat
FNDA:4,getFixturePath
FNDA:4,readFile
FNDA:2,getDiffInformation
FNDA:2,genDiff
DA:1,1
DA:2,1
DA:3,1
DA:4,1
DA:5,1
DA:6,1
DA:7,1
DA:8,1
DA:9,1
DA:10,1
DA:11,1
DA:12,1
DA:13,1
DA:14,2
DA:15,2
DA:16,2
DA:17,2
DA:18,2
DA:19,2
DA:20,10
DA:21,10
DA:22,10
DA:23,2
DA:24,2
DA:25,2
DA:26,2
DA:27,2
DA:28,2
DA:29,10
DA:30,2
DA:31,2
DA:32,2
DA:33,2
DA:34,2
DA:35,2
DA:36,2
DA:37,10
DA:38,4
DA:39,4
DA:40,4
DA:41,4
DA:42,4
DA:43,4
DA:44,2
DA:45,2
DA:46,2
DA:47,2
DA:48,2
DA:49,2
DA:50,2
DA:51,0
DA:52,0
DA:53,0
DA:54,0
DA:55,0
DA:56,2
DA:57,2
DA:58,2
DA:59,1
DA:60,1
DA:61,2
DA:62,2
DA:63,2
DA:64,2
DA:65,2
DA:66,2
DA:67,2
DA:68,2
DA:69,2
DA:70,10
DA:71,10
DA:72,10
DA:73,4
DA:74,10
DA:75,2
DA:76,10
DA:77,2
DA:78,10
DA:79,2
DA:80,10
DA:81,0
DA:82,10
DA:83,2
DA:84,2
DA:85,2
DA:86,2
DA:87,1
LF:87
LH:81
BRDA:7,0,0,4
BRDA:9,1,0,4
BRDA:11,2,0,4
BRDA:13,3,0,2
BRDA:19,4,0,10
BRDA:22,5,0,2
BRDA:28,6,0,8
BRDA:29,7,0,4
BRDA:29,8,0,2
BRDA:29,9,0,2
BRDA:36,10,0,6
BRDA:37,11,0,4
BRDA:43,12,0,2
BRDA:50,13,0,0
BRDA:60,14,0,2
BRDA:69,15,0,10
BRDA:72,16,0,4
BRDA:74,17,0,2
BRDA:76,18,0,2
BRDA:78,19,0,2
BRDA:80,20,0,0
BRF:21
BRH:19
end_of_record
TN:
SF:src/parse.js
FN:3,parsers
FNF:1
FNH:1
FNDA:4,parsers
DA:1,1
DA:2,1
DA:3,1
DA:4,4
DA:5,4
DA:6,2
DA:7,4
DA:8,4
DA:9,2
DA:10,4
DA:11,0
DA:12,4
DA:13,4
DA:14,1
DA:15,1
LF:15
LH:14
BRDA:3,0,0,4
BRDA:5,1,0,2
BRDA:7,2,0,2
BRDA:8,3,0,2
BRDA:10,4,0,0
BRF:5
BRH:4
end_of_record
