TN:
SF:src/index.js
FN:5,getFixturePath
FN:7,readFile
FN:9,parsesFile
FN:11,getDiffInformation
FN:59,genDiff
FNF:5
FNH:5
FNDA:2,getFixturePath
FNDA:2,readFile
FNDA:2,parsesFile
FNDA:1,getDiffInformation
FNDA:1,genDiff
DA:1,1
DA:2,1
DA:3,1
DA:4,1
DA:5,1
DA:6,1
DA:7,1
DA:8,1
DA:9,1
DA:10,1
DA:11,1
DA:12,1
DA:13,1
DA:14,1
DA:15,1
DA:16,1
DA:17,1
DA:18,1
DA:19,5
DA:20,5
DA:21,5
DA:22,1
DA:23,1
DA:24,1
DA:25,1
DA:26,1
DA:27,1
DA:28,5
DA:29,1
DA:30,1
DA:31,1
DA:32,1
DA:33,1
DA:34,1
DA:35,1
DA:36,5
DA:37,2
DA:38,2
DA:39,2
DA:40,2
DA:41,2
DA:42,2
DA:43,1
DA:44,1
DA:45,1
DA:46,1
DA:47,1
DA:48,1
DA:49,1
DA:50,0
DA:51,0
DA:52,0
DA:53,0
DA:54,0
DA:55,1
DA:56,1
DA:57,1
DA:58,1
DA:59,1
DA:60,1
DA:61,1
DA:62,1
DA:63,1
DA:64,1
DA:65,1
DA:66,5
DA:67,5
DA:68,5
DA:69,2
DA:70,5
DA:71,1
DA:72,5
DA:73,1
DA:74,5
DA:75,1
DA:76,5
DA:77,0
DA:78,5
DA:79,1
DA:80,1
DA:81,1
DA:82,1
DA:83,1
LF:83
LH:77
BRDA:5,0,0,2
BRDA:7,1,0,2
BRDA:9,2,0,2
BRDA:11,3,0,1
BRDA:18,4,0,5
BRDA:21,5,0,1
BRDA:27,6,0,4
BRDA:28,7,0,2
BRDA:28,8,0,1
BRDA:28,9,0,1
BRDA:35,10,0,3
BRDA:36,11,0,2
BRDA:42,12,0,1
BRDA:49,13,0,0
BRDA:59,14,0,1
BRDA:65,15,0,5
BRDA:68,16,0,2
BRDA:70,17,0,1
BRDA:72,18,0,1
BRDA:74,19,0,1
BRDA:76,20,0,0
BRF:21
BRH:19
end_of_record
